[debug] [2023-12-29T15:17:19.302Z] ----------------------------------------------------------------------
[debug] [2023-12-29T15:17:19.304Z] Command:       C:\Program Files\nodejs\node.exe C:\Users\gootibi\AppData\Roaming\npm\node_modules\firebase-tools\lib\bin\firebase.js init
[debug] [2023-12-29T15:17:19.305Z] CLI Version:   13.0.2
[debug] [2023-12-29T15:17:19.305Z] Platform:      win32
[debug] [2023-12-29T15:17:19.305Z] Node Version:  v20.10.0
[debug] [2023-12-29T15:17:19.305Z] Time:          Fri Dec 29 2023 16:17:19 GMT+0100 (közép-európai téli idő)
[debug] [2023-12-29T15:17:19.305Z] ----------------------------------------------------------------------
[debug] 
[debug] [2023-12-29T15:17:19.311Z] > command requires scopes: ["email","openid","https://www.googleapis.com/auth/cloudplatformprojects.readonly","https://www.googleapis.com/auth/firebase","https://www.googleapis.com/auth/cloud-platform"]
[debug] [2023-12-29T15:17:19.312Z] > authorizing via signed-in user (gootibi@gmail.com)
[info] 
     ######## #### ########  ######## ########     ###     ######  ########
     ##        ##  ##     ## ##       ##     ##  ##   ##  ##       ##
     ######    ##  ########  ######   ########  #########  ######  ######
     ##        ##  ##    ##  ##       ##     ## ##     ##       ## ##
     ##       #### ##     ## ######## ########  ##     ##  ######  ########

You're about to initialize a Firebase project in this directory:

  C:\dev\expense_tracker

Before we get started, keep in mind:

  * You are currently outside your home directory

